section-1/Entry1/Library/Bee/Android/Prj/IL2CPP/Gradle/unityLibrary/build/intermediates/manifest_merge_blame_file/debug/manifest-merger-blame-debug-report.txt
1<?xml version="1.0" encoding="utf-8"?>
2<manifest xmlns:android="http://schemas.android.com/apk/res/android"
3    xmlns:tools="http://schemas.android.com/tools"
4    package="com.unity3d.player" >
5
6    <uses-sdk
7        android:minSdkVersion="33"
7-->src\main\AndroidManifest.xml
8        android:targetSdkVersion="33" />
8-->src\main\AndroidManifest.xml
9
10    <uses-permission android:name="android.permission.INTERNET" />
10-->src\main\AndroidManifest.xml:3:3-65
10-->src\main\AndroidManifest.xml:3:20-62
11
12    <uses-feature android:glEsVersion="0x00030000" />
12-->src\main\AndroidManifest.xml:4:3-52
12-->src\main\AndroidManifest.xml:4:17-49
13    <uses-feature
13-->src\main\AndroidManifest.xml:5:3-91
14        android:name="android.hardware.vulkan.version"
14-->src\main\AndroidManifest.xml:5:17-63
15        android:required="false" />
15-->src\main\AndroidManifest.xml:5:64-88
16    <uses-feature
16-->src\main\AndroidManifest.xml:6:3-88
17        android:name="android.hardware.touchscreen"
17-->src\main\AndroidManifest.xml:6:17-60
18        android:required="false" />
18-->src\main\AndroidManifest.xml:6:61-85
19
20    <application android:extractNativeLibs="true" >
20-->src\main\AndroidManifest.xml:7:3-22:17
20-->src\main\AndroidManifest.xml:7:16-48
21        <meta-data
21-->src\main\AndroidManifest.xml:8:5-69
22            android:name="unity.splash-mode"
22-->src\main\AndroidManifest.xml:8:16-48
23            android:value="0" />
23-->src\main\AndroidManifest.xml:8:49-66
24        <meta-data
24-->src\main\AndroidManifest.xml:9:5-74
25            android:name="unity.splash-enable"
25-->src\main\AndroidManifest.xml:9:16-50
26            android:value="True" />
26-->src\main\AndroidManifest.xml:9:51-71
27        <meta-data
27-->src\main\AndroidManifest.xml:10:5-78
28            android:name="unity.launch-fullscreen"
28-->src\main\AndroidManifest.xml:10:16-54
29            android:value="True" />
29-->src\main\AndroidManifest.xml:10:55-75
30        <meta-data
30-->src\main\AndroidManifest.xml:11:5-84
31            android:name="unity.allow-resizable-window"
31-->src\main\AndroidManifest.xml:11:16-59
32            android:value="False" />
32-->src\main\AndroidManifest.xml:11:60-81
33        <meta-data
33-->src\main\AndroidManifest.xml:12:5-81
34            android:name="notch.config"
34-->src\main\AndroidManifest.xml:12:16-43
35            android:value="portrait|landscape" />
35-->src\main\AndroidManifest.xml:12:44-78
36        <meta-data
36-->src\main\AndroidManifest.xml:13:5-84
37            android:name="unity.auto-report-fully-drawn"
37-->src\main\AndroidManifest.xml:13:16-60
38            android:value="true" />
38-->src\main\AndroidManifest.xml:13:61-81
39
40        <activity
40-->src\main\AndroidManifest.xml:14:5-21:16
41            android:name="com.unity3d.player.UnityPlayerActivity"
41-->src\main\AndroidManifest.xml:14:15-68
42            android:configChanges="mcc|mnc|locale|touchscreen|keyboard|keyboardHidden|navigation|orientation|screenLayout|uiMode|screenSize|smallestScreenSize|fontScale|layoutDirection|density"
42-->src\main\AndroidManifest.xml:14:180-361
43            android:exported="true"
43-->src\main\AndroidManifest.xml:14:433-456
44            android:hardwareAccelerated="false"
44-->src\main\AndroidManifest.xml:14:397-432
45            android:launchMode="singleTask"
45-->src\main\AndroidManifest.xml:14:148-179
46            android:resizeableActivity="false"
46-->src\main\AndroidManifest.xml:14:362-396
47            android:screenOrientation="fullUser"
47-->src\main\AndroidManifest.xml:14:111-147
48            android:theme="@style/UnityThemeSelector" >
48-->src\main\AndroidManifest.xml:14:69-110
49            <intent-filter>
49-->src\main\AndroidManifest.xml:15:7-18:23
50                <category android:name="android.intent.category.LAUNCHER" />
50-->src\main\AndroidManifest.xml:16:9-69
50-->src\main\AndroidManifest.xml:16:19-66
51
52                <action android:name="android.intent.action.MAIN" />
52-->src\main\AndroidManifest.xml:17:9-61
52-->src\main\AndroidManifest.xml:17:17-58
53            </intent-filter>
54
55            <meta-data
55-->src\main\AndroidManifest.xml:19:7-82
56                android:name="unityplayer.UnityActivity"
56-->src\main\AndroidManifest.xml:19:18-58
57                android:value="true" />
57-->src\main\AndroidManifest.xml:19:59-79
58            <meta-data
58-->src\main\AndroidManifest.xml:20:7-70
59                android:name="notch_support"
59-->src\main\AndroidManifest.xml:20:18-46
60                android:value="true" />
60-->src\main\AndroidManifest.xml:20:47-67
61        </activity>
62    </application>
63
64</manifest>